

Version:	3.14
CmdLine:	C:\Users\admin\Desktop\Java_Project-main\ShootingGame\src\Neko\neko.exe --l4j-debug
WOW64:		yes
Working dir:	C:\Users\admin\Desktop\Java_Project-main\ShootingGame\src\Neko\.
Java min ver:	1.011.000_002
Java max ver:	
64-bit search:	SOFTWARE\JavaSoft\Java Runtime Environment...
32-bit search:	SOFTWARE\JavaSoft\Java Runtime Environment...
64-bit search:	SOFTWARE\JavaSoft\Java Development Kit...
32-bit search:	SOFTWARE\JavaSoft\Java Development Kit...
64-bit search:	SOFTWARE\JavaSoft\JRE...
32-bit search:	SOFTWARE\JavaSoft\JRE...
64-bit search:	SOFTWARE\JavaSoft\JDK...
Check:		SOFTWARE\JavaSoft\JDK\11.0.2
Check launcher:	C:\Program Files\Java\jdk-11.0.2\bin\javaw.exe (OK)
Match:		1.011.000_002
Runtime used:	1.011.000_002 (64-bit)
Launcher:	C:\Program Files\Java\jdk-11.0.2\bin\javaw.exe
Launcher args:	-jar "C:\Users\admin\Desktop\Java_Project-main\ShootingGame\src\Neko\neko.exe"
Args length:	78/32768 chars
Exit code:	0


Version:	3.14
CmdLine:	C:\Users\admin\Desktop\Java_Project-main\ShootingGame\src\Neko\nekoko.exe --l4j-debug
WOW64:		yes
Working dir:	C:\Users\admin\Desktop\Java_Project-main\ShootingGame\src\Neko\.
Java min ver:	1.011.000_002
Java max ver:	
64-bit search:	SOFTWARE\JavaSoft\Java Runtime Environment...
32-bit search:	SOFTWARE\JavaSoft\Java Runtime Environment...
64-bit search:	SOFTWARE\JavaSoft\Java Development Kit...
32-bit search:	SOFTWARE\JavaSoft\Java Development Kit...
64-bit search:	SOFTWARE\JavaSoft\JRE...
32-bit search:	SOFTWARE\JavaSoft\JRE...
64-bit search:	SOFTWARE\JavaSoft\JDK...
Check:		SOFTWARE\JavaSoft\JDK\11.0.2
Check launcher:	C:\Program Files\Java\jdk-11.0.2\bin\javaw.exe (OK)
Match:		1.011.000_002
Runtime used:	1.011.000_002 (64-bit)
Launcher:	C:\Program Files\Java\jdk-11.0.2\bin\javaw.exe
Launcher args:	-jar "C:\Users\admin\Desktop\Java_Project-main\ShootingGame\src\Neko\nekoko.exe"
Args length:	80/32768 chars
Exit code:	0


Version:	3.14
CmdLine:	C:\Users\admin\Desktop\Java_Project-main\ShootingGame\src\Neko\nekoko.exe --l4j-debug
WOW64:		yes
Working dir:	C:\Users\admin\Desktop\Java_Project-main\ShootingGame\src\Neko\.
Java min ver:	1.011.000_002
Java max ver:	
64-bit search:	SOFTWARE\JavaSoft\Java Runtime Environment...
32-bit search:	SOFTWARE\JavaSoft\Java Runtime Environment...
64-bit search:	SOFTWARE\JavaSoft\Java Development Kit...
32-bit search:	SOFTWARE\JavaSoft\Java Development Kit...
64-bit search:	SOFTWARE\JavaSoft\JRE...
32-bit search:	SOFTWARE\JavaSoft\JRE...
64-bit search:	SOFTWARE\JavaSoft\JDK...
Check:		SOFTWARE\JavaSoft\JDK\11.0.2
Check launcher:	C:\Program Files\Java\jdk-11.0.2\bin\javaw.exe (OK)
Match:		1.011.000_002
Runtime used:	1.011.000_002 (64-bit)
Launcher:	C:\Program Files\Java\jdk-11.0.2\bin\javaw.exe
Launcher args:	-jar "C:\Users\admin\Desktop\Java_Project-main\ShootingGame\src\Neko\nekoko.exe"
Args length:	80/32768 chars
Exit code:	0


Version:	3.14
CmdLine:	C:\Users\admin\Desktop\Java_Project-main\ShootingGame\src\Neko\nekoko.exe --l4j-debug
WOW64:		yes
Working dir:	C:\Users\admin\Desktop\Java_Project-main\ShootingGame\src\Neko\.
Java min ver:	1.011.000_002
Java max ver:	
64-bit search:	SOFTWARE\JavaSoft\Java Runtime Environment...
32-bit search:	SOFTWARE\JavaSoft\Java Runtime Environment...
64-bit search:	SOFTWARE\JavaSoft\Java Development Kit...
32-bit search:	SOFTWARE\JavaSoft\Java Development Kit...
64-bit search:	SOFTWARE\JavaSoft\JRE...
32-bit search:	SOFTWARE\JavaSoft\JRE...
64-bit search:	SOFTWARE\JavaSoft\JDK...
Check:		SOFTWARE\JavaSoft\JDK\11.0.2
Check launcher:	C:\Program Files\Java\jdk-11.0.2\bin\javaw.exe (OK)
Match:		1.011.000_002
Runtime used:	1.011.000_002 (64-bit)
Launcher:	C:\Program Files\Java\jdk-11.0.2\bin\javaw.exe
Launcher args:	-jar "C:\Users\admin\Desktop\Java_Project-main\ShootingGame\src\Neko\nekoko.exe"
Args length:	80/32768 chars
Exit code:	0


Version:	3.14
CmdLine:	C:\Users\admin\Desktop\Java_Project-main\ShootingGame\src\Neko\NekoNyanNyan.exe --l4j-debug
WOW64:		yes
Working dir:	C:\Users\admin\Desktop\Java_Project-main\ShootingGame\src\Neko\.
Java min ver:	1.011.000_002
Java max ver:	
64-bit search:	SOFTWARE\JavaSoft\Java Runtime Environment...
32-bit search:	SOFTWARE\JavaSoft\Java Runtime Environment...
64-bit search:	SOFTWARE\JavaSoft\Java Development Kit...
32-bit search:	SOFTWARE\JavaSoft\Java Development Kit...
64-bit search:	SOFTWARE\JavaSoft\JRE...
32-bit search:	SOFTWARE\JavaSoft\JRE...
64-bit search:	SOFTWARE\JavaSoft\JDK...
Check:		SOFTWARE\JavaSoft\JDK\11.0.2
Check launcher:	C:\Program Files\Java\jdk-11.0.2\bin\javaw.exe (OK)
Match:		1.011.000_002
Runtime used:	1.011.000_002 (64-bit)
Launcher:	C:\Program Files\Java\jdk-11.0.2\bin\javaw.exe
Launcher args:	-jar "C:\Users\admin\Desktop\Java_Project-main\ShootingGame\src\Neko\NekoNyanNyan.exe"
Args length:	86/32768 chars
Exit code:	0
